<?xml version="1.0" encoding="UTF-8"?>
<!-- Generated by org.testng.reporters.JUnitXMLReporter -->
<testsuite hostname="CYLAP004" ignored="0" name="Test" tests="1" failures="0" timestamp="29 Jul 2020 09:37:24 GMT" time="0.068" errors="0">
  <testcase name="@BeforeTest driverstart" time="0.021" classname="com.sample.flipkartautomation.run.loginRunner">
    <failure type="java.lang.NullPointerException">
      <![CDATA[java.lang.NullPointerException
at com.sample.flipkartautomation.run.loginRunner.driverstart(loginRunner.java:18)
... Removed 24 stack frames]]>
    </failure>
  </testcase> <!-- @BeforeTest driverstart -->
  <testcase name="@AfterTest truncate" time="0.0" classname="com.sample.flipkartautomation.run.loginRunner">
    <skipped/>
  </testcase> <!-- @AfterTest truncate -->
  <testcase name="loginrun" time="0.0" classname="com.sample.flipkartautomation.run.loginRunner">
    <skipped/>
  </testcase> <!-- loginrun -->
</testsuite> <!-- Test -->
