<?xml version="1.0" encoding="UTF-8"?>
<testng-results skipped="0" failed="0" ignored="0" total="1" passed="1">
  <reporter-output>
  </reporter-output>
  <suite name="Default suite" duration-ms="40717" started-at="2020-07-31T16:46:54Z" finished-at="2020-07-31T16:47:35Z">
    <groups>
    </groups>
    <test name="Default test" duration-ms="40717" started-at="2020-07-31T16:46:54Z" finished-at="2020-07-31T16:47:35Z">
      <class name="com.sample.flipkartautomation.run.TestRunner">
        <test-method status="PASS" signature="launch()[pri:1, instance:com.sample.flipkartautomation.run.TestRunner@26653222]" name="launch" duration-ms="39486" started-at="2020-07-31T16:46:54Z" finished-at="2020-07-31T16:47:34Z">
          <reporter-output>
          </reporter-output>
        </test-method> <!-- launch -->
        <test-method status="PASS" signature="teardown()[pri:0, instance:com.sample.flipkartautomation.run.TestRunner@26653222]" name="teardown" is-config="true" duration-ms="1197" started-at="2020-07-31T16:47:34Z" finished-at="2020-07-31T16:47:35Z">
          <reporter-output>
          </reporter-output>
        </test-method> <!-- teardown -->
      </class> <!-- com.sample.flipkartautomation.run.TestRunner -->
    </test> <!-- Default test -->
  </suite> <!-- Default suite -->
</testng-results>
